<?xml version="1.0" encoding="UTF-8"?>
<!-- Generated by org.testng.reporters.JUnitReportReporter -->
<testsuite skipped="0" hostname="LAPTOP-7N50JD64" name="com.tour.test.RegistrationTest" tests="1" failures="0" timestamp="15 Nov 2019 14:54:14 GMT" time="0.017" errors="0">
  <testcase name="registrationTest" time="0.017" classname="com.tour.test.RegistrationTest"/>
</testsuite> <!-- com.tour.test.RegistrationTest -->
